<?xml version="1.0" encoding="UTF-8"?>
<testsuite xmlns:xsi="http://www.w3.org/2001/XMLSchema-instance" xsi:noNamespaceSchemaLocation="https://maven.apache.org/surefire/maven-surefire-plugin/xsd/surefire-test-report.xsd" name="com.neusoft.studyEnglish.StudyEnglishApplicationTests" time="23.289" tests="2" errors="0" skipped="0" failures="0">
  <properties>
[...]
</properties>
  <testcase name="fanyiTest" classname="com.neusoft.studyEnglish.StudyEnglishApplicationTests" time="3.614"/>
  <testcase name="contextLoads" classname="com.neusoft.studyEnglish.StudyEnglishApplicationTests" time="0"/>
</testsuite>